<?xml version="1.0" encoding="UTF-8"?>
<!-- Generated by org.testng.reporters.JUnitReportReporter -->
<testsuite ignored="0" hostname="DESKTOP-163OJS9" failures="0" tests="1" name="loginTest.TC_01_CorrectLogin" time="2.490" errors="0" timestamp="05 dic. 2020 17:58:36 GMT" skipped="0">
  <testcase classname="loginTest.TC_01_CorrectLogin" name="TC_01" time="2.490"/>
</testsuite> <!-- loginTest.TC_01_CorrectLogin -->
