<?xml version="1.0" encoding="UTF-8"?>
<!-- Generated by org.testng.reporters.JUnitReportReporter -->
<testsuite ignored="0" hostname="DESKTOP-163OJS9" failures="0" tests="1" name="Test.TestNGEj" time="0.009" errors="0" timestamp="07 nov. 2020 17:54:38 GMT" skipped="0">
  <testcase classname="Test.TestNGEj" name="f" time="0.009"/>
</testsuite> <!-- Test.TestNGEj -->
