<?xml version="1.0" encoding="UTF-8"?>
<!-- Generated by org.testng.reporters.JUnitReportReporter -->
<testsuite ignored="0" hostname="DESKTOP-163OJS9" failures="0" tests="2" name="loginTest.TC_06_ParameterLogin" time="3.073" errors="0" timestamp="12 dic. 2020 15:20:17 GMT" skipped="0">
  <testcase classname="loginTest.TC_06_ParameterLogin" name="TC_06" time="0.998"/>
  <testcase classname="loginTest.TC_06_ParameterLogin" name="TC_06" time="2.075"/>
</testsuite> <!-- loginTest.TC_06_ParameterLogin -->
