<?xml version="1.0" encoding="UTF-8"?>
<!-- Generated by org.testng.reporters.JUnitReportReporter -->
<testsuite ignored="0" hostname="DESKTOP-163OJS9" failures="0" tests="1" name="loginTest.TC_02_IncorrectLogin" time="1.079" errors="0" timestamp="12 dic. 2020 16:09:49 GMT" skipped="0">
  <testcase classname="loginTest.TC_02_IncorrectLogin" name="TC_02" time="1.079"/>
</testsuite> <!-- loginTest.TC_02_IncorrectLogin -->
