<?xml version="1.0" encoding="UTF-8"?>
<!-- Generated by org.testng.reporters.JUnitReportReporter -->
<testsuite ignored="0" hostname="DESKTOP-163OJS9" failures="0" tests="1" name="loginTest.TC_03_Logout" time="4.616" errors="0" timestamp="05 dic. 2020 18:13:26 GMT" skipped="0">
  <testcase classname="loginTest.TC_03_Logout" name="TC_03" time="4.616"/>
</testsuite> <!-- loginTest.TC_03_Logout -->
