<?xml version="1.0" encoding="UTF-8"?>
<!-- Generated by org.testng.reporters.JUnitReportReporter -->
<testsuite ignored="0" hostname="DESKTOP-163OJS9" failures="0" tests="1" name="loginTest.TC_01_CorrectLogin" time="1.795" errors="0" timestamp="12 dic. 2020 16:06:41 GMT" skipped="0">
  <testcase classname="loginTest.TC_01_CorrectLogin" name="TC_01" time="1.795"/>
</testsuite> <!-- loginTest.TC_01_CorrectLogin -->
